[2021-02-05 09:40:10.911] [exthost] [info] extension host started
[2021-02-05 09:40:11.499] [exthost] [info] ExtensionService#_doActivateExtension vscode.microsoft-authentication {"startup":false,"extensionId":{"value":"vscode.microsoft-authentication","_lower":"vscode.microsoft-authentication"},"activationEvent":"onAuthenticationRequest:microsoft"}
[2021-02-05 09:40:11.499] [exthost] [info] ExtensionService#loadCommonJSModule file:///snap/code/53/usr/share/code/resources/app/extensions/microsoft-authentication/dist/extension.js
[2021-02-05 09:40:11.586] [exthost] [info] ExtensionService#_doActivateExtension vscode.configuration-editing {"startup":false,"extensionId":{"value":"vscode.configuration-editing","_lower":"vscode.configuration-editing"},"activationEvent":"onLanguage:json"}
[2021-02-05 09:40:11.587] [exthost] [info] ExtensionService#loadCommonJSModule file:///snap/code/53/usr/share/code/resources/app/extensions/configuration-editing/dist/configurationEditingMain
[2021-02-05 09:40:11.638] [exthost] [info] ExtensionService#_doActivateExtension vscode.extension-editing {"startup":false,"extensionId":{"value":"vscode.extension-editing","_lower":"vscode.extension-editing"},"activationEvent":"onLanguage:json"}
[2021-02-05 09:40:11.638] [exthost] [info] ExtensionService#loadCommonJSModule file:///snap/code/53/usr/share/code/resources/app/extensions/extension-editing/dist/extensionEditingMain
[2021-02-05 09:40:11.712] [exthost] [info] ExtensionService#_doActivateExtension vscode.json-language-features {"startup":false,"extensionId":{"value":"vscode.json-language-features","_lower":"vscode.json-language-features"},"activationEvent":"onLanguage:json"}
[2021-02-05 09:40:11.713] [exthost] [info] ExtensionService#loadCommonJSModule file:///snap/code/53/usr/share/code/resources/app/extensions/json-language-features/client/dist/node/jsonClientMain
[2021-02-05 09:40:11.804] [exthost] [info] ExtensionService#_doActivateExtension ms-vscode.js-debug {"startup":false,"extensionId":{"value":"ms-vscode.js-debug","_lower":"ms-vscode.js-debug"},"activationEvent":"onLanguage:json"}
[2021-02-05 09:40:11.805] [exthost] [info] ExtensionService#loadCommonJSModule file:///snap/code/53/usr/share/code/resources/app/extensions/ms-vscode.js-debug/src/extension.js
[2021-02-05 09:40:12.235] [exthost] [info] ExtensionService#_doActivateExtension vscode.npm {"startup":false,"extensionId":{"value":"vscode.npm","_lower":"vscode.npm"},"activationEvent":"onLanguage:json"}
[2021-02-05 09:40:12.235] [exthost] [info] ExtensionService#loadCommonJSModule file:///snap/code/53/usr/share/code/resources/app/extensions/npm/dist/npmMain
[2021-02-05 09:40:12.292] [exthost] [info] ExtensionService#_doActivateExtension vscode.typescript-language-features {"startup":false,"extensionId":{"value":"vscode.typescript-language-features","_lower":"vscode.typescript-language-features"},"activationEvent":"onLanguage:typescript"}
[2021-02-05 09:40:12.292] [exthost] [info] ExtensionService#loadCommonJSModule file:///snap/code/53/usr/share/code/resources/app/extensions/typescript-language-features/dist/extension
[2021-02-05 09:40:12.357] [exthost] [info] ExtensionService#_doActivateExtension KevinRose.vsc-python-indent {"startup":false,"extensionId":{"value":"KevinRose.vsc-python-indent","_lower":"kevinrose.vsc-python-indent"},"activationEvent":"onLanguage:python"}
[2021-02-05 09:40:12.357] [exthost] [info] ExtensionService#loadCommonJSModule file:///home/kyleaubuchon/.vscode/extensions/kevinrose.vsc-python-indent-1.12.0/out/extension.js
[2021-02-05 09:40:12.363] [exthost] [info] ExtensionService#_doActivateExtension ms-toolsai.jupyter {"startup":false,"extensionId":{"value":"ms-toolsai.jupyter","_lower":"ms-toolsai.jupyter"},"activationEvent":"onLanguage:python"}
[2021-02-05 09:40:12.363] [exthost] [info] ExtensionService#loadCommonJSModule file:///home/kyleaubuchon/.vscode/extensions/ms-toolsai.jupyter-2020.12.414227025/out/client/extension
[2021-02-05 09:40:12.714] [exthost] [info] ExtensionService#_doActivateExtension tht13.python {"startup":false,"extensionId":{"value":"tht13.python","_lower":"tht13.python"},"activationEvent":"onLanguage:python"}
[2021-02-05 09:40:12.714] [exthost] [info] ExtensionService#loadCommonJSModule file:///home/kyleaubuchon/.vscode/extensions/tht13.python-0.2.3/out/client/src/pythonMain
[2021-02-05 09:40:12.745] [exthost] [info] ExtensionService#_doActivateExtension vscode.debug-auto-launch {"startup":true,"extensionId":{"value":"vscode.debug-auto-launch","_lower":"vscode.debug-auto-launch"},"activationEvent":"*"}
[2021-02-05 09:40:12.745] [exthost] [info] ExtensionService#loadCommonJSModule file:///snap/code/53/usr/share/code/resources/app/extensions/debug-auto-launch/dist/extension
[2021-02-05 09:40:12.753] [exthost] [info] ExtensionService#_doActivateExtension vscode.git {"startup":true,"extensionId":{"value":"vscode.github","_lower":"vscode.github"},"activationEvent":"*"}
[2021-02-05 09:40:12.753] [exthost] [info] ExtensionService#loadCommonJSModule file:///snap/code/53/usr/share/code/resources/app/extensions/git/dist/main
[2021-02-05 09:40:13.014] [exthost] [error] Activating extension tht13.python failed due to an error:
[2021-02-05 09:40:13.019] [exthost] [error] TypeError: Cannot read property 'document' of undefined
	at PythonExtension.startServer (/home/kyleaubuchon/.vscode/extensions/tht13.python-0.2.3/out/client/src/pythonMain.js:154:55)
	at activate (/home/kyleaubuchon/.vscode/extensions/tht13.python-0.2.3/out/client/src/pythonMain.js:9:38)
	at Function._callActivateOptional (/snap/code/53/usr/share/code/resources/app/out/vs/workbench/services/extensions/node/extensionHostProcess.js:90:13728)
	at Function._callActivate (/snap/code/53/usr/share/code/resources/app/out/vs/workbench/services/extensions/node/extensionHostProcess.js:90:13405)
	at /snap/code/53/usr/share/code/resources/app/out/vs/workbench/services/extensions/node/extensionHostProcess.js:90:11743
	at processTicksAndRejections (internal/process/task_queues.js:97:5)
	at async Promise.all (index 2)
[2021-02-05 09:40:13.810] [exthost] [info] ExtensionService#_doActivateExtension vscode.github {"startup":true,"extensionId":{"value":"vscode.github","_lower":"vscode.github"},"activationEvent":"*"}
[2021-02-05 09:40:13.810] [exthost] [info] ExtensionService#loadCommonJSModule file:///snap/code/53/usr/share/code/resources/app/extensions/github/dist/extension.js
[2021-02-05 09:40:13.938] [exthost] [info] eager extensions activated
[2021-02-05 09:40:14.029] [exthost] [info] ExtensionService#_doActivateExtension ms-python.python {"startup":false,"extensionId":{"value":"ms-python.python","_lower":"ms-python.python"},"activationEvent":"onLanguage:python"}
[2021-02-05 09:40:14.029] [exthost] [info] ExtensionService#loadCommonJSModule file:///home/kyleaubuchon/.vscode/extensions/ms-python.python-2021.1.502429796/out/client/extension
[2021-02-05 09:40:14.350] [exthost] [info] ExtensionService#_doActivateExtension vscode.emmet {"startup":false,"extensionId":{"value":"vscode.emmet","_lower":"vscode.emmet"},"activationEvent":"onStartupFinished"}
[2021-02-05 09:40:14.350] [exthost] [info] ExtensionService#loadCommonJSModule file:///snap/code/53/usr/share/code/resources/app/extensions/emmet/dist/node/emmetNodeMain
[2021-02-05 09:40:14.440] [exthost] [info] ExtensionService#_doActivateExtension vscode.merge-conflict {"startup":false,"extensionId":{"value":"vscode.merge-conflict","_lower":"vscode.merge-conflict"},"activationEvent":"onStartupFinished"}
[2021-02-05 09:40:14.440] [exthost] [info] ExtensionService#loadCommonJSModule file:///snap/code/53/usr/share/code/resources/app/extensions/merge-conflict/dist/mergeConflictMain
[2021-02-05 09:40:14.448] [exthost] [info] ExtensionService#_doActivateExtension vscode.testing-editor-contributions {"startup":false,"extensionId":{"value":"vscode.testing-editor-contributions","_lower":"vscode.testing-editor-contributions"},"activationEvent":"onStartupFinished"}
[2021-02-05 09:40:14.449] [exthost] [info] ExtensionService#loadCommonJSModule file:///snap/code/53/usr/share/code/resources/app/extensions/testing-editor-contributions/dist/extension.js
[2021-02-05 09:40:14.455] [exthost] [info] ExtensionService#_doActivateExtension GitHub.vscode-pull-request-github {"startup":false,"extensionId":{"value":"GitHub.vscode-pull-request-github","_lower":"github.vscode-pull-request-github"},"activationEvent":"onStartupFinished"}
[2021-02-05 09:40:14.455] [exthost] [info] ExtensionService#loadCommonJSModule file:///home/kyleaubuchon/.vscode/extensions/github.vscode-pull-request-github-0.22.0/media/extension
[2021-02-05 09:40:14.637] [exthost] [info] ExtensionService#_doActivateExtension vscode.github-authentication {"startup":false,"extensionId":{"value":"vscode.github-authentication","_lower":"vscode.github-authentication"},"activationEvent":"onAuthenticationRequest:github"}
[2021-02-05 09:40:14.637] [exthost] [info] ExtensionService#loadCommonJSModule file:///snap/code/53/usr/share/code/resources/app/extensions/github-authentication/dist/extension.js
