Error 2021-02-03 11:05:35: Exception while attempting zmq : [Error: /snap/core/current/usr/lib/x86_64-linux-gnu/libstdc++.so.6: version `GLIBCXX_3.4.22' not found (required by /home/kyleaubuchon/.vscode/extensions/ms-toolsai.jupyter-2020.12.414227025/out/client/node_modules/zeromq/prebuilds/linux-x64/electron.napi.glibc.node)
	at process.func [as dlopen] (electron/js2c/asar.js:140:31)
	at Object.Module._extensions..node (internal/modules/cjs/loader.js:1081:18)
	at Object.func [as .node] (electron/js2c/asar.js:140:31)
	at Module.load (internal/modules/cjs/loader.js:862:32)
	at Module._load (internal/modules/cjs/loader.js:774:14)
	at Function.Module._load (electron/js2c/asar.js:769:28)
	at Function.t._load (/snap/code/52/usr/share/code/resources/app/out/vs/workbench/services/extensions/node/extensionHostProcess.js:1092:657)
	at Function.i._load (/snap/code/52/usr/share/code/resources/app/out/vs/workbench/services/extensions/node/extensionHostProcess.js:1061:334)
	at Function.n._load (/snap/code/52/usr/share/code/resources/app/out/vs/workbench/services/extensions/node/extensionHostProcess.js:1057:567)
	at Module.require (internal/modules/cjs/loader.js:899:19)
	at r (/snap/code/52/usr/share/code/resources/app/out/vs/loader.js:16:346)
	at load (/home/kyleaubuchon/.vscode/extensions/ms-toolsai.jupyter-2020.12.414227025/out/client/node_modules/node-gyp-build/index.js:21:10)
	at Object.<anonymous> (/home/kyleaubuchon/.vscode/extensions/ms-toolsai.jupyter-2020.12.414227025/out/client/node_modules/zeromq/lib/native.js:6:43)
	at Module.o._compile (/snap/code/52/usr/share/code/resources/app/out/vs/loader.js:16:571)
	at Object.Module._extensions..js (internal/modules/cjs/loader.js:1051:10)
	at Module.load (internal/modules/cjs/loader.js:862:32)
	at Module._load (internal/modules/cjs/loader.js:774:14)
	at Function.Module._load (electron/js2c/asar.js:769:28)
	at Function.t._load (/snap/code/52/usr/share/code/resources/app/out/vs/workbench/services/extensions/node/extensionHostProcess.js:1092:657)
	at Function.i._load (/snap/code/52/usr/share/code/resources/app/out/vs/workbench/services/extensions/node/extensionHostProcess.js:1061:334)
	at Function.n._load (/snap/code/52/usr/share/code/resources/app/out/vs/workbench/services/extensions/node/extensionHostProcess.js:1057:567)
	at Module.require (internal/modules/cjs/loader.js:899:19)
	at r (/snap/code/52/usr/share/code/resources/app/out/vs/loader.js:16:346)
	at Object.<anonymous> (/home/kyleaubuchon/.vscode/extensions/ms-toolsai.jupyter-2020.12.414227025/out/client/node_modules/zeromq/lib/index.js:3:16)
	at Module.o._compile (/snap/code/52/usr/share/code/resources/app/out/vs/loader.js:16:571)
	at Object.Module._extensions..js (internal/modules/cjs/loader.js:1051:10)
	at Module.load (internal/modules/cjs/loader.js:862:32)
	at Module._load (internal/modules/cjs/loader.js:774:14)
	at Function.Module._load (electron/js2c/asar.js:769:28)
	at Function.t._load (/snap/code/52/usr/share/code/resources/app/out/vs/workbench/services/extensions/node/extensionHostProcess.js:1092:657)
	at Function.i._load (/snap/code/52/usr/share/code/resources/app/out/vs/workbench/services/extensions/node/extensionHostProcess.js:1061:334)
	at Function.n._load (/snap/code/52/usr/share/code/resources/app/out/vs/workbench/services/extensions/node/extensionHostProcess.js:1057:567)
	at Module.require (internal/modules/cjs/loader.js:899:19)
	at r (/snap/code/52/usr/share/code/resources/app/out/vs/loader.js:16:346)
	at Object.<anonymous> (/home/kyleaubuchon/.vscode/extensions/ms-toolsai.jupyter-2020.12.414227025/out/client/extension.js:32:274679)
	at n (/home/kyleaubuchon/.vscode/extensions/ms-toolsai.jupyter-2020.12.414227025/out/client/extension.js:1:186)
	at /home/kyleaubuchon/.vscode/extensions/ms-toolsai.jupyter-2020.12.414227025/out/client/extension.js:49:803883
	at processTicksAndRejections (internal/process/task_queues.js:94:5)
	at async u.zmqSupportedImpl (/home/kyleaubuchon/.vscode/extensions/ms-toolsai.jupyter-2020.12.414227025/out/client/extension.js:49:803850)]
> /bin/python3 ~/.vscode/extensions/ms-toolsai.jupyter-2020.12.414227025/pythonFiles/pyvsc-run-isolated.py -c "import jupyter"
> /bin/python3 ~/.vscode/extensions/ms-toolsai.jupyter-2020.12.414227025/pythonFiles/pyvsc-run-isolated.py -c "import jupyter"
> /bin/python3 ~/.vscode/extensions/ms-toolsai.jupyter-2020.12.414227025/pythonFiles/pyvsc-run-isolated.py -c "import notebook"
> /bin/python3 ~/.vscode/extensions/ms-toolsai.jupyter-2020.12.414227025/pythonFiles/pyvsc-run-isolated.py -c "import notebook"
> /bin/python3 ~/.vscode/extensions/ms-toolsai.jupyter-2020.12.414227025/pythonFiles/pyvsc-run-isolated.py jupyter kernelspec --version
> /bin/python3 ~/.vscode/extensions/ms-toolsai.jupyter-2020.12.414227025/pythonFiles/pyvsc-run-isolated.py jupyter kernelspec --version
> /bin/python3 ~/.vscode/extensions/ms-toolsai.jupyter-2020.12.414227025/pythonFiles/pyvsc-run-isolated.py vscode_datascience_helpers.daemon --daemon-module=vscode_datascience_helpers.jupyter_daemon -v
> /bin/python3 ~/.vscode/extensions/ms-toolsai.jupyter-2020.12.414227025/pythonFiles/pyvsc-run-isolated.py vscode_datascience_helpers.daemon --daemon-module=vscode_datascience_helpers.jupyter_daemon -v
> /bin/python3 ~/.vscode/extensions/ms-toolsai.jupyter-2020.12.414227025/pythonFiles/pyvsc-run-isolated.py vscode_datascience_helpers.daemon --daemon-module=vscode_datascience_helpers.jupyter_daemon -v
> /bin/python3 ~/.vscode/extensions/ms-toolsai.jupyter-2020.12.414227025/pythonFiles/pyvsc-run-isolated.py vscode_datascience_helpers.daemon --daemon-module=vscode_datascience_helpers.jupyter_daemon -v
> /bin/python3 ~/.vscode/extensions/ms-toolsai.jupyter-2020.12.414227025/pythonFiles/pyvsc-run-isolated.py vscode_datascience_helpers.daemon --daemon-module=vscode_datascience_helpers.jupyter_daemon -v
> /bin/python3 ~/.vscode/extensions/ms-toolsai.jupyter-2020.12.414227025/pythonFiles/pyvsc-run-isolated.py vscode_datascience_helpers.daemon --daemon-module=vscode_datascience_helpers.jupyter_daemon -v
