Error 2021-02-05 09:40:13: Exception while attempting zmq : [Error: /snap/core/current/usr/lib/x86_64-linux-gnu/libstdc++.so.6: version `GLIBCXX_3.4.22' not found (required by /home/kyleaubuchon/.vscode/extensions/ms-toolsai.jupyter-2020.12.414227025/out/client/node_modules/zeromq/prebuilds/linux-x64/electron.napi.glibc.node)
	at process.func [as dlopen] (electron/js2c/asar_bundle.js:5:1812)
	at Object.Module._extensions..node (internal/modules/cjs/loader.js:1250:18)
	at Object.func [as .node] (electron/js2c/asar_bundle.js:5:1812)
	at Module.load (internal/modules/cjs/loader.js:1039:32)
	at Module._load (internal/modules/cjs/loader.js:932:14)
	at Function.f._load (electron/js2c/asar_bundle.js:5:12738)
	at Function.o._load (/snap/code/53/usr/share/code/resources/app/out/vs/workbench/services/extensions/node/extensionHostProcess.js:104:27152)
	at Function.p._load (/snap/code/53/usr/share/code/resources/app/out/vs/workbench/services/extensions/node/extensionHostProcess.js:104:23904)
	at Function.M._load (/snap/code/53/usr/share/code/resources/app/out/vs/workbench/services/extensions/node/extensionHostProcess.js:94:62159)
	at Module.require (internal/modules/cjs/loader.js:1079:19)
	at v (/snap/code/53/usr/share/code/resources/app/out/vs/loader.js:3:12287)
	at load (/home/kyleaubuchon/.vscode/extensions/ms-toolsai.jupyter-2020.12.414227025/out/client/node_modules/node-gyp-build/index.js:21:10)
	at Object.<anonymous> (/home/kyleaubuchon/.vscode/extensions/ms-toolsai.jupyter-2020.12.414227025/out/client/node_modules/zeromq/lib/native.js:6:43)
	at Module.u._compile (/snap/code/53/usr/share/code/resources/app/out/vs/loader.js:3:12841)
	at Object.Module._extensions..js (internal/modules/cjs/loader.js:1220:10)
	at Module.load (internal/modules/cjs/loader.js:1039:32)
	at Module._load (internal/modules/cjs/loader.js:932:14)
	at Function.f._load (electron/js2c/asar_bundle.js:5:12738)
	at Function.o._load (/snap/code/53/usr/share/code/resources/app/out/vs/workbench/services/extensions/node/extensionHostProcess.js:104:27152)
	at Function.p._load (/snap/code/53/usr/share/code/resources/app/out/vs/workbench/services/extensions/node/extensionHostProcess.js:104:23904)
	at Function.M._load (/snap/code/53/usr/share/code/resources/app/out/vs/workbench/services/extensions/node/extensionHostProcess.js:94:62159)
	at Module.require (internal/modules/cjs/loader.js:1079:19)
	at v (/snap/code/53/usr/share/code/resources/app/out/vs/loader.js:3:12287)
	at Object.<anonymous> (/home/kyleaubuchon/.vscode/extensions/ms-toolsai.jupyter-2020.12.414227025/out/client/node_modules/zeromq/lib/index.js:3:16)
	at Module.u._compile (/snap/code/53/usr/share/code/resources/app/out/vs/loader.js:3:12841)
	at Object.Module._extensions..js (internal/modules/cjs/loader.js:1220:10)
	at Module.load (internal/modules/cjs/loader.js:1039:32)
	at Module._load (internal/modules/cjs/loader.js:932:14)
	at Function.f._load (electron/js2c/asar_bundle.js:5:12738)
	at Function.o._load (/snap/code/53/usr/share/code/resources/app/out/vs/workbench/services/extensions/node/extensionHostProcess.js:104:27152)
	at Function.p._load (/snap/code/53/usr/share/code/resources/app/out/vs/workbench/services/extensions/node/extensionHostProcess.js:104:23904)
	at Function.M._load (/snap/code/53/usr/share/code/resources/app/out/vs/workbench/services/extensions/node/extensionHostProcess.js:94:62159)
	at Module.require (internal/modules/cjs/loader.js:1079:19)
	at v (/snap/code/53/usr/share/code/resources/app/out/vs/loader.js:3:12287)
	at Object.<anonymous> (/home/kyleaubuchon/.vscode/extensions/ms-toolsai.jupyter-2020.12.414227025/out/client/extension.js:32:274679)
	at n (/home/kyleaubuchon/.vscode/extensions/ms-toolsai.jupyter-2020.12.414227025/out/client/extension.js:1:186)
	at /home/kyleaubuchon/.vscode/extensions/ms-toolsai.jupyter-2020.12.414227025/out/client/extension.js:49:803883
	at processTicksAndRejections (internal/process/task_queues.js:97:5)
	at async u.zmqSupportedImpl (/home/kyleaubuchon/.vscode/extensions/ms-toolsai.jupyter-2020.12.414227025/out/client/extension.js:49:803850)]
> /bin/python3 ~/.vscode/extensions/ms-toolsai.jupyter-2020.12.414227025/pythonFiles/pyvsc-run-isolated.py -c "import notebook"
> /bin/python3 ~/.vscode/extensions/ms-toolsai.jupyter-2020.12.414227025/pythonFiles/pyvsc-run-isolated.py -c "import notebook"
> /bin/python3 ~/.vscode/extensions/ms-toolsai.jupyter-2020.12.414227025/pythonFiles/pyvsc-run-isolated.py -c "import jupyter"
> /bin/python3 ~/.vscode/extensions/ms-toolsai.jupyter-2020.12.414227025/pythonFiles/pyvsc-run-isolated.py -c "import jupyter"
> /bin/python3 ~/.vscode/extensions/ms-toolsai.jupyter-2020.12.414227025/pythonFiles/pyvsc-run-isolated.py jupyter kernelspec --version
> /bin/python3 ~/.vscode/extensions/ms-toolsai.jupyter-2020.12.414227025/pythonFiles/pyvsc-run-isolated.py jupyter kernelspec --version
